<?xml version="1.0" encoding="UTF-8"?>
<!-- Generated by org.testng.reporters.JUnitReportReporter -->
<testsuite hostname="Nikas-MacBook-Air.local" failures="0" tests="1" name="MockyBooksTest" time="1.761" errors="0" timestamp="2023-05-22T16:45:45 GET" skipped="0">
  <testcase classname="MockyBooksTest" name="getBooksTest" time="1.761"/>
  <system-out/>
</testsuite> <!-- MockyBooksTest -->
